# JRE version: OpenJDK Runtime Environment Temurin-11.0.20.1+1 (11.0.20.1+1) (build 11.0.20.1+1)
# Java VM: OpenJDK 64-Bit Server VM Temurin-11.0.20.1+1 (11.0.20.1+1, mixed mode, tiered, compressed oops, g1 gc, linux-amd64)
Heap:
 garbage-first heap   total 369664K, used 219718K [0x00000000c0000000, 0x0000000100000000)
  region size 1024K, 93 young (95232K), 2 survivors (2048K)
 Metaspace       used 186066K, capacity 197535K, committed 197732K, reserved 1218560K
  class space    used 24198K, capacity 29576K, committed 29668K, reserved 1048576K
GC Heap History (20 events):
Event: 309.953 GC heap before
{Heap before GC invocations=140 (full 0):
 garbage-first heap   total 369664K, used 205960K [0x00000000c0000000, 0x0000000100000000)
  region size 1024K, 81 young (82944K), 3 survivors (3072K)
 Metaspace       used 185591K, capacity 197077K, committed 197220K, reserved 1216512K
  class space    used 24170K, capacity 29557K, committed 29668K, reserved 1048576K
}
Event: 309.961 GC heap after
{Heap after GC invocations=141 (full 0):
 garbage-first heap   total 369664K, used 139264K [0x00000000c0000000, 0x0000000100000000)
  region size 1024K, 11 young (11264K), 11 survivors (11264K)
 Metaspace       used 185591K, capacity 197077K, committed 197220K, reserved 1216512K
  class space    used 24170K, capacity 29557K, committed 29668K, reserved 1048576K
}
Event: 310.254 GC heap before
{Heap before GC invocations=141 (full 0):
 garbage-first heap   total 369664K, used 146432K [0x00000000c0000000, 0x0000000100000000)
  region size 1024K, 18 young (18432K), 11 survivors (11264K)
 Metaspace       used 185591K, capacity 197077K, committed 197220K, reserved 1216512K
  class space    used 24170K, capacity 29557K, committed 29668K, reserved 1048576K
}
Event: 310.261 GC heap after
{Heap after GC invocations=142 (full 0):
 garbage-first heap   total 369664K, used 131333K [0x00000000c0000000, 0x0000000100000000)
  region size 1024K, 2 young (2048K), 2 survivors (2048K)
 Metaspace       used 185591K, capacity 197077K, committed 197220K, reserved 1216512K
  class space    used 24170K, capacity 29557K, committed 29668K, reserved 1048576K
}
Event: 314.108 GC heap before
{Heap before GC invocations=142 (full 0):
 garbage-first heap   total 369664K, used 239877K [0x00000000c0000000, 0x0000000100000000)
  region size 1024K, 100 young (102400K), 2 survivors (2048K)
 Metaspace       used 185637K, capacity 197154K, committed 197476K, reserved 1218560K
  class space    used 24170K, capacity 29557K, committed 29668K, reserved 1048576K
}
Event: 314.119 GC heap after
{Heap after GC invocations=143 (full 0):
 garbage-first heap   total 369664K, used 148982K [0x00000000c0000000, 0x0000000100000000)
  region size 1024K, 10 young (10240K), 10 survivors (10240K)
 Metaspace       used 185637K, capacity 197154K, committed 197476K, reserved 1218560K
  class space    used 24170K, capacity 29557K, committed 29668K, reserved 1048576K
}
Event: 314.857 GC heap before
{Heap before GC invocations=143 (full 0):
 garbage-first heap   total 369664K, used 156150K [0x00000000c0000000, 0x0000000100000000)
  region size 1024K, 18 young (18432K), 10 survivors (10240K)
 Metaspace       used 185648K, capacity 197154K, committed 197476K, reserved 1218560K
  class space    used 24170K, capacity 29557K, committed 29668K, reserved 1048576K
}
Event: 314.865 GC heap after
{Heap after GC invocations=144 (full 0):
 garbage-first heap   total 369664K, used 150313K [0x00000000c0000000, 0x0000000100000000)
  region size 1024K, 2 young (2048K), 2 survivors (2048K)
 Metaspace       used 185648K, capacity 197154K, committed 197476K, reserved 1218560K
  class space    used 24170K, capacity 29557K, committed 29668K, reserved 1048576K
}
Event: 318.225 GC heap before
{Heap before GC invocations=145 (full 0):
 garbage-first heap   total 369664K, used 234281K [0x00000000c0000000, 0x0000000100000000)
  region size 1024K, 95 young (97280K), 2 survivors (2048K)
 Metaspace       used 185694K, capacity 197192K, committed 197476K, reserved 1218560K
  class space    used 24171K, capacity 29558K, committed 29668K, reserved 1048576K
}
Event: 318.235 GC heap after
{Heap after GC invocations=146 (full 0):
 garbage-first heap   total 369664K, used 151552K [0x00000000c0000000, 0x0000000100000000)
  region size 1024K, 12 young (12288K), 12 survivors (12288K)
 Metaspace       used 185694K, capacity 197192K, committed 197476K, reserved 1218560K
  class space    used 24171K, capacity 29558K, committed 29668K, reserved 1048576K
}
Event: 318.352 GC heap before
{Heap before GC invocations=146 (full 0):
 garbage-first heap   total 369664K, used 158720K [0x00000000c0000000, 0x0000000100000000)
  region size 1024K, 18 young (18432K), 12 survivors (12288K)
 Metaspace       used 185695K, capacity 197200K, committed 197476K, reserved 1218560K
  class space    used 24171K, capacity 29558K, committed 29668K, reserved 1048576K
}
Event: 318.359 GC heap after
{Heap after GC invocations=147 (full 0):
 garbage-first heap   total 369664K, used 133089K [0x00000000c0000000, 0x0000000100000000)
  region size 1024K, 3 young (3072K), 3 survivors (3072K)
 Metaspace       used 185695K, capacity 197200K, committed 197476K, reserved 1218560K
  class space    used 24171K, capacity 29558K, committed 29668K, reserved 1048576K
}
Event: 325.255 GC heap before
{Heap before GC invocations=147 (full 0):
 garbage-first heap   total 369664K, used 247777K [0x00000000c0000000, 0x0000000100000000)
  region size 1024K, 111 young (113664K), 3 survivors (3072K)
 Metaspace       used 185831K, capacity 197333K, committed 197476K, reserved 1218560K
  class space    used 24183K, capacity 29576K, committed 29668K, reserved 1048576K
}
Event: 325.258 GC heap after
{Heap after GC invocations=148 (full 0):
 garbage-first heap   total 369664K, used 139060K [0x00000000c0000000, 0x0000000100000000)
  region size 1024K, 3 young (3072K), 3 survivors (3072K)
 Metaspace       used 185831K, capacity 197333K, committed 197476K, reserved 1218560K
  class space    used 24183K, capacity 29576K, committed 29668K, reserved 1048576K
}
Event: 325.264 GC heap before
{Heap before GC invocations=148 (full 0):
 garbage-first heap   total 369664K, used 142132K [0x00000000c0000000, 0x0000000100000000)
  region size 1024K, 7 young (7168K), 3 survivors (3072K)
 Metaspace       used 185831K, capacity 197333K, committed 197476K, reserved 1218560K
  class space    used 24183K, capacity 29576K, committed 29668K, reserved 1048576K
}
Event: 325.268 GC heap after
{Heap after GC invocations=149 (full 0):
 garbage-first heap   total 369664K, used 139799K [0x00000000c0000000, 0x0000000100000000)
  region size 1024K, 4 young (4096K), 4 survivors (4096K)
 Metaspace       used 185831K, capacity 197333K, committed 197476K, reserved 1218560K
  class space    used 24183K, capacity 29576K, committed 29668K, reserved 1048576K
}
Event: 333.881 GC heap before
{Heap before GC invocations=150 (full 0):
 garbage-first heap   total 369664K, used 216599K [0x00000000c0000000, 0x0000000100000000)
  region size 1024K, 92 young (94208K), 4 survivors (4096K)
 Metaspace       used 185854K, capacity 197373K, committed 197476K, reserved 1218560K
  class space    used 24183K, capacity 29576K, committed 29668K, reserved 1048576K
}
Event: 333.885 GC heap after
{Heap after GC invocations=151 (full 0):
 garbage-first heap   total 369664K, used 136939K [0x00000000c0000000, 0x0000000100000000)
  region size 1024K, 12 young (12288K), 12 survivors (12288K)
 Metaspace       used 185854K, capacity 197373K, committed 197476K, reserved 1218560K
  class space    used 24183K, capacity 29576K, committed 29668K, reserved 1048576K
}
Event: 333.974 GC heap before
{Heap before GC invocations=151 (full 0):
 garbage-first heap   total 369664K, used 143083K [0x00000000c0000000, 0x0000000100000000)
  region size 1024K, 18 young (18432K), 12 survivors (12288K)
 Metaspace       used 185956K, capacity 197507K, committed 197732K, reserved 1218560K
  class space    used 24198K, capacity 29576K, committed 29668K, reserved 1048576K
}
Event: 333.979 GC heap after
{Heap after GC invocations=152 (full 0):
 garbage-first heap   total 369664K, used 120390K [0x00000000c0000000, 0x0000000100000000)
  region size 1024K, 2 young (2048K), 2 survivors (2048K)
 Metaspace       used 185956K, capacity 197507K, committed 197732K, reserved 1218560K
  class space    used 24198K, capacity 29576K, committed 29668K, reserved 1048576K
}

